<?xml version="1.0" encoding="UTF-8"?>
<!-- Generated by org.testng.reporters.JUnitReportReporter -->
<testsuite hostname="LP-5CG0386QL7" failures="0" tests="1" name="Testcase.POM1_Testcase" time="21.828" errors="0" timestamp="23 Jun 2022 05:33:59 GMT" skipped="0">
  <testcase classname="Testcase.POM1_Testcase" name="verifyLogin" time="21.828"/>
</testsuite> <!-- Testcase.POM1_Testcase -->
