<?xml version="1.0" encoding="UTF-8"?>
<!-- Generated by org.testng.reporters.JUnitReportReporter -->
<testsuite hostname="LP-5CG0386QL7" failures="0" tests="1" name="Listeners.Listeners" time="8.808" errors="0" timestamp="23 Jun 2022 05:43:22 GMT" skipped="0">
  <testcase classname="Listeners.Listeners" name="login" time="8.808"/>
</testsuite> <!-- Listeners.Listeners -->
