<?xml version="1.0" encoding="UTF-8"?>
<!-- Generated by org.testng.reporters.JUnitReportReporter -->
<testsuite hostname="LP-5CG0386QL7" failures="0" tests="2" name="CrossBrowser.FlipkartCB" time="106.287" errors="0" timestamp="23 Jun 2022 05:47:56 GMT" skipped="0">
  <testcase classname="CrossBrowser.FlipkartCB" name="test1" time="61.369"/>
  <testcase classname="CrossBrowser.FlipkartCB" name="test1" time="44.918"/>
</testsuite> <!-- CrossBrowser.FlipkartCB -->
