<?xml version="1.0" encoding="UTF-8"?>
<!-- Generated by org.testng.reporters.JUnitReportReporter -->
<testsuite hostname="LP-5CG0386QL7" failures="0" tests="1" name="Testcase.POM2_Testcase" time="10.482" errors="0" timestamp="23 Jun 2022 05:33:13 GMT" skipped="0">
  <testcase classname="Testcase.POM2_Testcase" name="checkvalidUser" time="10.482"/>
</testsuite> <!-- Testcase.POM2_Testcase -->
